0 info it worked if it ends with ok
1 verbose cli [ '/Users/vaughnangoy/.nvm/versions/node/v6.2.2/bin/node',
1 verbose cli   '/Users/vaughnangoy/.nvm/versions/node/v6.2.2/bin/npm',
1 verbose cli   'start' ]
2 info using npm@3.9.6
3 info using node@v6.2.2
4 verbose run-script [ 'prestart', 'start', 'poststart' ]
5 info lifecycle terminal-app@1.0.0~prestart: terminal-app@1.0.0
6 verbose lifecycle terminal-app@1.0.0~prestart: unsafe-perm in lifecycle true
7 verbose lifecycle terminal-app@1.0.0~prestart: PATH: /Users/vaughnangoy/.nvm/versions/node/v6.2.2/lib/node_modules/npm/bin/node-gyp-bin:/Users/vaughnangoy/quidco/elastic-erga/react-boilerplate/node_modules/.bin:/Users/vaughnangoy/.nvm/versions/node/v6.2.2/bin:/Users/vaughnangoy/.nvm/versions/node/v6.2.2/bin:/usr/local/bin:/usr/bin:/bin:/usr/sbin:/sbin:/opt/X11/bin
8 verbose lifecycle terminal-app@1.0.0~prestart: CWD: /Users/vaughnangoy/quidco/elastic-erga/react-boilerplate
9 silly lifecycle terminal-app@1.0.0~prestart: Args: [ '-c', 'NODE_ENV=dev && webpack' ]
10 silly lifecycle terminal-app@1.0.0~prestart: Returned: code: 1  signal: null
11 info lifecycle terminal-app@1.0.0~prestart: Failed to exec prestart script
12 verbose stack Error: terminal-app@1.0.0 prestart: `NODE_ENV=dev && webpack`
12 verbose stack Exit status 1
12 verbose stack     at EventEmitter.<anonymous> (/Users/vaughnangoy/.nvm/versions/node/v6.2.2/lib/node_modules/npm/lib/utils/lifecycle.js:245:16)
12 verbose stack     at emitTwo (events.js:106:13)
12 verbose stack     at EventEmitter.emit (events.js:191:7)
12 verbose stack     at ChildProcess.<anonymous> (/Users/vaughnangoy/.nvm/versions/node/v6.2.2/lib/node_modules/npm/lib/utils/spawn.js:24:14)
12 verbose stack     at emitTwo (events.js:106:13)
12 verbose stack     at ChildProcess.emit (events.js:191:7)
12 verbose stack     at maybeClose (internal/child_process.js:852:16)
12 verbose stack     at Process.ChildProcess._handle.onexit (internal/child_process.js:215:5)
13 verbose pkgid terminal-app@1.0.0
14 verbose cwd /Users/vaughnangoy/quidco/elastic-erga/react-boilerplate
15 error Darwin 15.5.0
16 error argv "/Users/vaughnangoy/.nvm/versions/node/v6.2.2/bin/node" "/Users/vaughnangoy/.nvm/versions/node/v6.2.2/bin/npm" "start"
17 error node v6.2.2
18 error npm  v3.9.6
19 error code ELIFECYCLE
20 error terminal-app@1.0.0 prestart: `NODE_ENV=dev && webpack`
20 error Exit status 1
21 error Failed at the terminal-app@1.0.0 prestart script 'NODE_ENV=dev && webpack'.
21 error Make sure you have the latest version of node.js and npm installed.
21 error If you do, this is most likely a problem with the terminal-app package,
21 error not with npm itself.
21 error Tell the author that this fails on your system:
21 error     NODE_ENV=dev && webpack
21 error You can get information on how to open an issue for this project with:
21 error     npm bugs terminal-app
21 error Or if that isn't available, you can get their info via:
21 error     npm owner ls terminal-app
21 error There is likely additional logging output above.
22 verbose exit [ 1, true ]
